2022-09-28 16:36:31.710  INFO 60208 --- [restartedMain] c.l.e.g.GetTwoGetterApplication          : Starting GetTwoGetterApplication using Java 17.0.3 on galaxySon with PID 60208 (C:\Project\SpringBootProject\ll_ideaBANK_220904\build\classes\java\main started by jjeon in C:\Project\SpringBootProject\ll_ideaBANK_220904)
2022-09-28 16:36:31.719  INFO 60208 --- [restartedMain] c.l.e.g.GetTwoGetterApplication          : No active profile set, falling back to 1 default profile: "default"
2022-09-28 16:36:32.116  INFO 60208 --- [restartedMain] .e.DevToolsPropertyDefaultsPostProcessor : Devtools property defaults active! Set 'spring.devtools.add-properties' to 'false' to disable
2022-09-28 16:36:32.116  INFO 60208 --- [restartedMain] .e.DevToolsPropertyDefaultsPostProcessor : For additional web related logging consider setting the 'logging.level.web' property to 'DEBUG'
2022-09-28 16:36:33.503  INFO 60208 --- [restartedMain] .s.d.r.c.RepositoryConfigurationDelegate : Bootstrapping Spring Data JPA repositories in DEFAULT mode.
2022-09-28 16:36:33.719  INFO 60208 --- [restartedMain] .s.d.r.c.RepositoryConfigurationDelegate : Finished Spring Data repository scanning in 204 ms. Found 4 JPA repository interfaces.
2022-09-28 16:36:35.314  INFO 60208 --- [restartedMain] o.s.b.w.embedded.tomcat.TomcatWebServer  : Tomcat initialized with port(s): 8080 (http)
2022-09-28 16:36:35.332  INFO 60208 --- [restartedMain] o.apache.catalina.core.StandardService   : Starting service [Tomcat]
2022-09-28 16:36:35.333  INFO 60208 --- [restartedMain] org.apache.catalina.core.StandardEngine  : Starting Servlet engine: [Apache Tomcat/9.0.65]
2022-09-28 16:36:35.562  INFO 60208 --- [restartedMain] o.a.c.c.C.[Tomcat].[localhost].[/]       : Initializing Spring embedded WebApplicationContext
2022-09-28 16:36:35.563  INFO 60208 --- [restartedMain] w.s.c.ServletWebServerApplicationContext : Root WebApplicationContext: initialization completed in 3446 ms
2022-09-28 16:36:36.140  INFO 60208 --- [restartedMain] o.hibernate.jpa.internal.util.LogHelper  : HHH000204: Processing PersistenceUnitInfo [name: default]
2022-09-28 16:36:36.232  INFO 60208 --- [restartedMain] org.hibernate.Version                    : HHH000412: Hibernate ORM core version 5.6.10.Final
2022-09-28 16:36:36.608  INFO 60208 --- [restartedMain] o.hibernate.annotations.common.Version   : HCANN000001: Hibernate Commons Annotations {5.1.2.Final}
2022-09-28 16:36:36.780  INFO 60208 --- [restartedMain] com.zaxxer.hikari.HikariDataSource       : HikariPool-1 - Starting...
2022-09-28 16:36:37.144  INFO 60208 --- [restartedMain] com.zaxxer.hikari.HikariDataSource       : HikariPool-1 - Start completed.
2022-09-28 16:36:37.236  INFO 60208 --- [restartedMain] org.hibernate.dialect.Dialect            : HHH000400: Using dialect: org.hibernate.dialect.MySQL55Dialect
2022-09-28 16:36:38.834  INFO 60208 --- [restartedMain] o.h.e.t.j.p.i.JtaPlatformInitiator       : HHH000490: Using JtaPlatform implementation: [org.hibernate.engine.transaction.jta.platform.internal.NoJtaPlatform]
2022-09-28 16:36:38.846  INFO 60208 --- [restartedMain] j.LocalContainerEntityManagerFactoryBean : Initialized JPA EntityManagerFactory for persistence unit 'default'
2022-09-28 16:36:40.441  INFO 60208 --- [restartedMain] o.s.s.web.DefaultSecurityFilterChain     : Will secure any request with [org.springframework.security.web.session.DisableEncodeUrlFilter@103cf15b, org.springframework.security.web.context.request.async.WebAsyncManagerIntegrationFilter@22d04e17, org.springframework.security.web.context.SecurityContextPersistenceFilter@91feded, org.springframework.security.web.header.HeaderWriterFilter@6c26545a, org.springframework.security.web.authentication.logout.LogoutFilter@2219ac67, org.springframework.security.web.authentication.UsernamePasswordAuthenticationFilter@e3861df, org.springframework.security.web.savedrequest.RequestCacheAwareFilter@3ebd64cd, org.springframework.security.web.servletapi.SecurityContextHolderAwareRequestFilter@38efe656, org.springframework.security.web.authentication.AnonymousAuthenticationFilter@6fabe50b, org.springframework.security.web.session.SessionManagementFilter@540d7523, org.springframework.security.web.access.ExceptionTranslationFilter@3761b2c7, org.springframework.security.web.access.intercept.FilterSecurityInterceptor@bc72328]
2022-09-28 16:36:40.572  WARN 60208 --- [restartedMain] JpaBaseConfiguration$JpaWebConfiguration : spring.jpa.open-in-view is enabled by default. Therefore, database queries may be performed during view rendering. Explicitly configure spring.jpa.open-in-view to disable this warning
2022-09-28 16:36:41.321  INFO 60208 --- [restartedMain] o.s.b.a.w.s.WelcomePageHandlerMapping    : Adding welcome page template: index
2022-09-28 16:36:42.597  INFO 60208 --- [restartedMain] o.s.b.d.a.OptionalLiveReloadServer       : LiveReload server is running on port 35729
2022-09-28 16:36:42.659  INFO 60208 --- [restartedMain] o.s.b.w.embedded.tomcat.TomcatWebServer  : Tomcat started on port(s): 8080 (http) with context path ''
2022-09-28 16:36:42.675  INFO 60208 --- [restartedMain] c.l.e.g.GetTwoGetterApplication          : Started GetTwoGetterApplication in 11.511 seconds (JVM running for 12.828)
2022-09-28 16:36:42.810  INFO 60208 --- [http-nio-8080-exec-1] o.a.c.c.C.[Tomcat].[localhost].[/]       : Initializing Spring DispatcherServlet 'dispatcherServlet'
2022-09-28 16:36:42.810  INFO 60208 --- [http-nio-8080-exec-1] o.s.web.servlet.DispatcherServlet        : Initializing Servlet 'dispatcherServlet'
2022-09-28 16:36:42.813  INFO 60208 --- [http-nio-8080-exec-1] o.s.web.servlet.DispatcherServlet        : Completed initialization in 2 ms
2022-09-28 16:37:48.068  INFO 60208 --- [Thread-5] j.LocalContainerEntityManagerFactoryBean : Closing JPA EntityManagerFactory for persistence unit 'default'
2022-09-28 16:37:48.073  INFO 60208 --- [Thread-5] com.zaxxer.hikari.HikariDataSource       : HikariPool-1 - Shutdown initiated...
2022-09-28 16:37:48.101  INFO 60208 --- [Thread-5] com.zaxxer.hikari.HikariDataSource       : HikariPool-1 - Shutdown completed.
2022-09-28 16:37:48.415  INFO 60208 --- [restartedMain] c.l.e.g.GetTwoGetterApplication          : Starting GetTwoGetterApplication using Java 17.0.3 on galaxySon with PID 60208 (C:\Project\SpringBootProject\ll_ideaBANK_220904\build\classes\java\main started by jjeon in C:\Project\SpringBootProject\ll_ideaBANK_220904)
2022-09-28 16:37:48.418  INFO 60208 --- [restartedMain] c.l.e.g.GetTwoGetterApplication          : No active profile set, falling back to 1 default profile: "default"
2022-09-28 16:37:49.118  INFO 60208 --- [restartedMain] .s.d.r.c.RepositoryConfigurationDelegate : Bootstrapping Spring Data JPA repositories in DEFAULT mode.
2022-09-28 16:37:49.277  INFO 60208 --- [restartedMain] .s.d.r.c.RepositoryConfigurationDelegate : Finished Spring Data repository scanning in 158 ms. Found 3 JPA repository interfaces.
2022-09-28 16:37:49.492  INFO 60208 --- [restartedMain] o.s.b.w.embedded.tomcat.TomcatWebServer  : Tomcat initialized with port(s): 8080 (http)
2022-09-28 16:37:49.493  INFO 60208 --- [restartedMain] o.apache.catalina.core.StandardService   : Starting service [Tomcat]
2022-09-28 16:37:49.494  INFO 60208 --- [restartedMain] org.apache.catalina.core.StandardEngine  : Starting Servlet engine: [Apache Tomcat/9.0.65]
2022-09-28 16:37:49.567  INFO 60208 --- [restartedMain] o.a.c.c.C.[Tomcat].[localhost].[/]       : Initializing Spring embedded WebApplicationContext
2022-09-28 16:37:49.568  INFO 60208 --- [restartedMain] w.s.c.ServletWebServerApplicationContext : Root WebApplicationContext: initialization completed in 1143 ms
2022-09-28 16:37:49.754  INFO 60208 --- [restartedMain] o.hibernate.jpa.internal.util.LogHelper  : HHH000204: Processing PersistenceUnitInfo [name: default]
2022-09-28 16:37:49.773  INFO 60208 --- [restartedMain] com.zaxxer.hikari.HikariDataSource       : HikariPool-2 - Starting...
2022-09-28 16:37:49.783  INFO 60208 --- [restartedMain] com.zaxxer.hikari.HikariDataSource       : HikariPool-2 - Start completed.
2022-09-28 16:37:49.783  INFO 60208 --- [restartedMain] org.hibernate.dialect.Dialect            : HHH000400: Using dialect: org.hibernate.dialect.MySQL55Dialect
2022-09-28 16:37:50.133  INFO 60208 --- [restartedMain] o.h.e.t.j.p.i.JtaPlatformInitiator       : HHH000490: Using JtaPlatform implementation: [org.hibernate.engine.transaction.jta.platform.internal.NoJtaPlatform]
2022-09-28 16:37:50.134  INFO 60208 --- [restartedMain] j.LocalContainerEntityManagerFactoryBean : Initialized JPA EntityManagerFactory for persistence unit 'default'
2022-09-28 16:37:50.157  WARN 60208 --- [restartedMain] ConfigServletWebServerApplicationContext : Exception encountered during context initialization - cancelling refresh attempt: org.springframework.beans.factory.UnsatisfiedDependencyException: Error creating bean with name 'boardController' defined in file [C:\Project\SpringBootProject\ll_ideaBANK_220904\build\classes\java\main\com\ll\example\getTwoGetter\Board\controller\BoardController.class]: Unsatisfied dependency expressed through constructor parameter 0; nested exception is org.springframework.beans.factory.BeanCreationException: Error creating bean with name 'boardService': Resolution of declared constructors on bean Class [com.ll.example.getTwoGetter.Board.service.BoardService] from ClassLoader [org.springframework.boot.devtools.restart.classloader.RestartClassLoader@119d5355] failed; nested exception is java.lang.NoClassDefFoundError: com/ll/example/getTwoGetter/Board/domain/repository/BoardRepository
2022-09-28 16:37:50.158  INFO 60208 --- [restartedMain] j.LocalContainerEntityManagerFactoryBean : Closing JPA EntityManagerFactory for persistence unit 'default'
2022-09-28 16:37:50.158  INFO 60208 --- [restartedMain] com.zaxxer.hikari.HikariDataSource       : HikariPool-2 - Shutdown initiated...
2022-09-28 16:37:50.162  INFO 60208 --- [restartedMain] com.zaxxer.hikari.HikariDataSource       : HikariPool-2 - Shutdown completed.
2022-09-28 16:37:50.163  INFO 60208 --- [restartedMain] o.apache.catalina.core.StandardService   : Stopping service [Tomcat]
2022-09-28 16:37:50.180  INFO 60208 --- [restartedMain] ConditionEvaluationReportLoggingListener : 

Error starting ApplicationContext. To display the conditions report re-run your application with 'debug' enabled.
2022-09-28 16:37:50.251 ERROR 60208 --- [restartedMain] o.s.boot.SpringApplication               : Application run failed

org.springframework.beans.factory.UnsatisfiedDependencyException: Error creating bean with name 'boardController' defined in file [C:\Project\SpringBootProject\ll_ideaBANK_220904\build\classes\java\main\com\ll\example\getTwoGetter\Board\controller\BoardController.class]: Unsatisfied dependency expressed through constructor parameter 0; nested exception is org.springframework.beans.factory.BeanCreationException: Error creating bean with name 'boardService': Resolution of declared constructors on bean Class [com.ll.example.getTwoGetter.Board.service.BoardService] from ClassLoader [org.springframework.boot.devtools.restart.classloader.RestartClassLoader@119d5355] failed; nested exception is java.lang.NoClassDefFoundError: com/ll/example/getTwoGetter/Board/domain/repository/BoardRepository
	at org.springframework.beans.factory.support.ConstructorResolver.createArgumentArray(ConstructorResolver.java:800) ~[spring-beans-5.3.22.jar:5.3.22]
	at org.springframework.beans.factory.support.ConstructorResolver.autowireConstructor(ConstructorResolver.java:229) ~[spring-beans-5.3.22.jar:5.3.22]
	at org.springframework.beans.factory.support.AbstractAutowireCapableBeanFactory.autowireConstructor(AbstractAutowireCapableBeanFactory.java:1372) ~[spring-beans-5.3.22.jar:5.3.22]
	at org.springframework.beans.factory.support.AbstractAutowireCapableBeanFactory.createBeanInstance(AbstractAutowireCapableBeanFactory.java:1222) ~[spring-beans-5.3.22.jar:5.3.22]
	at org.springframework.beans.factory.support.AbstractAutowireCapableBeanFactory.doCreateBean(AbstractAutowireCapableBeanFactory.java:582) ~[spring-beans-5.3.22.jar:5.3.22]
	at org.springframework.beans.factory.support.AbstractAutowireCapableBeanFactory.createBean(AbstractAutowireCapableBeanFactory.java:542) ~[spring-beans-5.3.22.jar:5.3.22]
	at org.springframework.beans.factory.support.AbstractBeanFactory.lambda$doGetBean$0(AbstractBeanFactory.java:335) ~[spring-beans-5.3.22.jar:5.3.22]
	at org.springframework.beans.factory.support.DefaultSingletonBeanRegistry.getSingleton(DefaultSingletonBeanRegistry.java:234) ~[spring-beans-5.3.22.jar:5.3.22]
	at org.springframework.beans.factory.support.AbstractBeanFactory.doGetBean(AbstractBeanFactory.java:333) ~[spring-beans-5.3.22.jar:5.3.22]
	at org.springframework.beans.factory.support.AbstractBeanFactory.getBean(AbstractBeanFactory.java:208) ~[spring-beans-5.3.22.jar:5.3.22]
	at org.springframework.beans.factory.support.DefaultListableBeanFactory.preInstantiateSingletons(DefaultListableBeanFactory.java:955) ~[spring-beans-5.3.22.jar:5.3.22]
	at org.springframework.context.support.AbstractApplicationContext.finishBeanFactoryInitialization(AbstractApplicationContext.java:918) ~[spring-context-5.3.22.jar:5.3.22]
	at org.springframework.context.support.AbstractApplicationContext.refresh(AbstractApplicationContext.java:583) ~[spring-context-5.3.22.jar:5.3.22]
	at org.springframework.boot.web.servlet.context.ServletWebServerApplicationContext.refresh(ServletWebServerApplicationContext.java:147) ~[spring-boot-2.7.2.jar:2.7.2]
	at org.springframework.boot.SpringApplication.refresh(SpringApplication.java:734) ~[spring-boot-2.7.2.jar:2.7.2]
	at org.springframework.boot.SpringApplication.refreshContext(SpringApplication.java:408) ~[spring-boot-2.7.2.jar:2.7.2]
	at org.springframework.boot.SpringApplication.run(SpringApplication.java:308) ~[spring-boot-2.7.2.jar:2.7.2]
	at org.springframework.boot.SpringApplication.run(SpringApplication.java:1306) ~[spring-boot-2.7.2.jar:2.7.2]
	at org.springframework.boot.SpringApplication.run(SpringApplication.java:1295) ~[spring-boot-2.7.2.jar:2.7.2]
	at com.ll.example.getTwoGetter.GetTwoGetterApplication.main(GetTwoGetterApplication.java:14) ~[main/:na]
	at java.base/jdk.internal.reflect.NativeMethodAccessorImpl.invoke0(Native Method) ~[na:na]
	at java.base/jdk.internal.reflect.NativeMethodAccessorImpl.invoke(NativeMethodAccessorImpl.java:77) ~[na:na]
	at java.base/jdk.internal.reflect.DelegatingMethodAccessorImpl.invoke(DelegatingMethodAccessorImpl.java:43) ~[na:na]
	at java.base/java.lang.reflect.Method.invoke(Method.java:568) ~[na:na]
	at org.springframework.boot.devtools.restart.RestartLauncher.run(RestartLauncher.java:49) ~[spring-boot-devtools-2.7.2.jar:2.7.2]
Caused by: org.springframework.beans.factory.BeanCreationException: Error creating bean with name 'boardService': Resolution of declared constructors on bean Class [com.ll.example.getTwoGetter.Board.service.BoardService] from ClassLoader [org.springframework.boot.devtools.restart.classloader.RestartClassLoader@119d5355] failed; nested exception is java.lang.NoClassDefFoundError: com/ll/example/getTwoGetter/Board/domain/repository/BoardRepository
	at org.springframework.beans.factory.annotation.AutowiredAnnotationBeanPostProcessor.determineCandidateConstructors(AutowiredAnnotationBeanPostProcessor.java:309) ~[spring-beans-5.3.22.jar:5.3.22]
	at org.springframework.beans.factory.support.AbstractAutowireCapableBeanFactory.determineConstructorsFromBeanPostProcessors(AbstractAutowireCapableBeanFactory.java:1302) ~[spring-beans-5.3.22.jar:5.3.22]
	at org.springframework.beans.factory.support.AbstractAutowireCapableBeanFactory.createBeanInstance(AbstractAutowireCapableBeanFactory.java:1219) ~[spring-beans-5.3.22.jar:5.3.22]
	at org.springframework.beans.factory.support.AbstractAutowireCapableBeanFactory.doCreateBean(AbstractAutowireCapableBeanFactory.java:582) ~[spring-beans-5.3.22.jar:5.3.22]
	at org.springframework.beans.factory.support.AbstractAutowireCapableBeanFactory.createBean(AbstractAutowireCapableBeanFactory.java:542) ~[spring-beans-5.3.22.jar:5.3.22]
	at org.springframework.beans.factory.support.AbstractBeanFactory.lambda$doGetBean$0(AbstractBeanFactory.java:335) ~[spring-beans-5.3.22.jar:5.3.22]
	at org.springframework.beans.factory.support.DefaultSingletonBeanRegistry.getSingleton(DefaultSingletonBeanRegistry.java:234) ~[spring-beans-5.3.22.jar:5.3.22]
	at org.springframework.beans.factory.support.AbstractBeanFactory.doGetBean(AbstractBeanFactory.java:333) ~[spring-beans-5.3.22.jar:5.3.22]
	at org.springframework.beans.factory.support.AbstractBeanFactory.getBean(AbstractBeanFactory.java:208) ~[spring-beans-5.3.22.jar:5.3.22]
	at org.springframework.beans.factory.config.DependencyDescriptor.resolveCandidate(DependencyDescriptor.java:276) ~[spring-beans-5.3.22.jar:5.3.22]
	at org.springframework.beans.factory.support.DefaultListableBeanFactory.doResolveDependency(DefaultListableBeanFactory.java:1391) ~[spring-beans-5.3.22.jar:5.3.22]
	at org.springframework.beans.factory.support.DefaultListableBeanFactory.resolveDependency(DefaultListableBeanFactory.java:1311) ~[spring-beans-5.3.22.jar:5.3.22]
	at org.springframework.beans.factory.support.ConstructorResolver.resolveAutowiredArgument(ConstructorResolver.java:887) ~[spring-beans-5.3.22.jar:5.3.22]
	at org.springframework.beans.factory.support.ConstructorResolver.createArgumentArray(ConstructorResolver.java:791) ~[spring-beans-5.3.22.jar:5.3.22]
	... 24 common frames omitted
Caused by: java.lang.NoClassDefFoundError: com/ll/example/getTwoGetter/Board/domain/repository/BoardRepository
	at java.base/java.lang.Class.getDeclaredConstructors0(Native Method) ~[na:na]
	at java.base/java.lang.Class.privateGetDeclaredConstructors(Class.java:3373) ~[na:na]
	at java.base/java.lang.Class.getDeclaredConstructors(Class.java:2555) ~[na:na]
	at org.springframework.beans.factory.annotation.AutowiredAnnotationBeanPostProcessor.determineCandidateConstructors(AutowiredAnnotationBeanPostProcessor.java:304) ~[spring-beans-5.3.22.jar:5.3.22]
	... 37 common frames omitted
Caused by: java.lang.ClassNotFoundException: com.ll.example.getTwoGetter.Board.domain.repository.BoardRepository
	at java.base/jdk.internal.loader.BuiltinClassLoader.loadClass(BuiltinClassLoader.java:641) ~[na:na]
	at java.base/jdk.internal.loader.ClassLoaders$AppClassLoader.loadClass(ClassLoaders.java:188) ~[na:na]
	at java.base/java.lang.ClassLoader.loadClass(ClassLoader.java:520) ~[na:na]
	at java.base/java.lang.Class.forName0(Native Method) ~[na:na]
	at java.base/java.lang.Class.forName(Class.java:467) ~[na:na]
	at org.springframework.boot.devtools.restart.classloader.RestartClassLoader.loadClass(RestartClassLoader.java:145) ~[spring-boot-devtools-2.7.2.jar:2.7.2]
	at java.base/java.lang.ClassLoader.loadClass(ClassLoader.java:520) ~[na:na]
	... 41 common frames omitted

2022-09-28 16:37:53.956  INFO 60208 --- [restartedMain] c.l.e.g.GetTwoGetterApplication          : Starting GetTwoGetterApplication using Java 17.0.3 on galaxySon with PID 60208 (C:\Project\SpringBootProject\ll_ideaBANK_220904\build\classes\java\main started by jjeon in C:\Project\SpringBootProject\ll_ideaBANK_220904)
2022-09-28 16:37:53.958  INFO 60208 --- [restartedMain] c.l.e.g.GetTwoGetterApplication          : No active profile set, falling back to 1 default profile: "default"
2022-09-28 16:37:55.241  INFO 60208 --- [restartedMain] .s.d.r.c.RepositoryConfigurationDelegate : Bootstrapping Spring Data JPA repositories in DEFAULT mode.
2022-09-28 16:37:55.747  INFO 60208 --- [restartedMain] .s.d.r.c.RepositoryConfigurationDelegate : Finished Spring Data repository scanning in 505 ms. Found 4 JPA repository interfaces.
2022-09-28 16:37:56.009  INFO 60208 --- [restartedMain] o.s.b.w.embedded.tomcat.TomcatWebServer  : Tomcat initialized with port(s): 8080 (http)
2022-09-28 16:37:56.010  INFO 60208 --- [restartedMain] o.apache.catalina.core.StandardService   : Starting service [Tomcat]
2022-09-28 16:37:56.010  INFO 60208 --- [restartedMain] org.apache.catalina.core.StandardEngine  : Starting Servlet engine: [Apache Tomcat/9.0.65]
2022-09-28 16:37:56.120  INFO 60208 --- [restartedMain] o.a.c.c.C.[Tomcat-1].[localhost].[/]     : Initializing Spring embedded WebApplicationContext
2022-09-28 16:37:56.122  INFO 60208 --- [restartedMain] w.s.c.ServletWebServerApplicationContext : Root WebApplicationContext: initialization completed in 2158 ms
2022-09-28 16:37:56.423  INFO 60208 --- [restartedMain] o.hibernate.jpa.internal.util.LogHelper  : HHH000204: Processing PersistenceUnitInfo [name: default]
2022-09-28 16:37:56.447  INFO 60208 --- [restartedMain] com.zaxxer.hikari.HikariDataSource       : HikariPool-3 - Starting...
2022-09-28 16:37:56.454  INFO 60208 --- [restartedMain] com.zaxxer.hikari.HikariDataSource       : HikariPool-3 - Start completed.
2022-09-28 16:37:56.455  INFO 60208 --- [restartedMain] org.hibernate.dialect.Dialect            : HHH000400: Using dialect: org.hibernate.dialect.MySQL55Dialect
2022-09-28 16:37:57.109  INFO 60208 --- [restartedMain] o.h.e.t.j.p.i.JtaPlatformInitiator       : HHH000490: Using JtaPlatform implementation: [org.hibernate.engine.transaction.jta.platform.internal.NoJtaPlatform]
2022-09-28 16:37:57.110  INFO 60208 --- [restartedMain] j.LocalContainerEntityManagerFactoryBean : Initialized JPA EntityManagerFactory for persistence unit 'default'
2022-09-28 16:37:57.555  INFO 60208 --- [restartedMain] o.s.s.web.DefaultSecurityFilterChain     : Will secure any request with [org.springframework.security.web.session.DisableEncodeUrlFilter@a343dfa, org.springframework.security.web.context.request.async.WebAsyncManagerIntegrationFilter@60c96eae, org.springframework.security.web.context.SecurityContextPersistenceFilter@39e3ed9c, org.springframework.security.web.header.HeaderWriterFilter@779ca7d8, org.springframework.security.web.authentication.logout.LogoutFilter@6e8cca2, org.springframework.security.web.authentication.UsernamePasswordAuthenticationFilter@37bdf141, org.springframework.security.web.savedrequest.RequestCacheAwareFilter@5490bdec, org.springframework.security.web.servletapi.SecurityContextHolderAwareRequestFilter@462062c1, org.springframework.security.web.authentication.AnonymousAuthenticationFilter@12a769d1, org.springframework.security.web.session.SessionManagementFilter@197fef19, org.springframework.security.web.access.ExceptionTranslationFilter@7a92e185, org.springframework.security.web.access.intercept.FilterSecurityInterceptor@6a631ff1]
2022-09-28 16:37:57.595  WARN 60208 --- [restartedMain] JpaBaseConfiguration$JpaWebConfiguration : spring.jpa.open-in-view is enabled by default. Therefore, database queries may be performed during view rendering. Explicitly configure spring.jpa.open-in-view to disable this warning
2022-09-28 16:37:57.804  INFO 60208 --- [restartedMain] o.s.b.a.w.s.WelcomePageHandlerMapping    : Adding welcome page template: index
2022-09-28 16:37:57.964  INFO 60208 --- [restartedMain] o.s.b.d.a.OptionalLiveReloadServer       : LiveReload server is running on port 35729
2022-09-28 16:37:57.982  INFO 60208 --- [restartedMain] o.s.b.w.embedded.tomcat.TomcatWebServer  : Tomcat started on port(s): 8080 (http) with context path ''
2022-09-28 16:37:57.991  INFO 60208 --- [restartedMain] c.l.e.g.GetTwoGetterApplication          : Started GetTwoGetterApplication in 4.179 seconds (JVM running for 88.144)
2022-09-28 16:37:57.999  INFO 60208 --- [restartedMain] .ConditionEvaluationDeltaLoggingListener : Condition evaluation unchanged
2022-09-28 16:37:58.047  INFO 60208 --- [http-nio-8080-exec-1] o.a.c.c.C.[Tomcat-1].[localhost].[/]     : Initializing Spring DispatcherServlet 'dispatcherServlet'
2022-09-28 16:37:58.048  INFO 60208 --- [http-nio-8080-exec-1] o.s.web.servlet.DispatcherServlet        : Initializing Servlet 'dispatcherServlet'
2022-09-28 16:37:58.053  INFO 60208 --- [http-nio-8080-exec-1] o.s.web.servlet.DispatcherServlet        : Completed initialization in 3 ms
2022-09-28 16:38:02.990  INFO 60208 --- [Thread-7] j.LocalContainerEntityManagerFactoryBean : Closing JPA EntityManagerFactory for persistence unit 'default'
2022-09-28 16:38:02.997  INFO 60208 --- [Thread-7] com.zaxxer.hikari.HikariDataSource       : HikariPool-3 - Shutdown initiated...
2022-09-28 16:38:03.028  INFO 60208 --- [Thread-7] com.zaxxer.hikari.HikariDataSource       : HikariPool-3 - Shutdown completed.
2022-09-28 16:38:03.271  INFO 60208 --- [restartedMain] c.l.e.g.GetTwoGetterApplication          : Starting GetTwoGetterApplication using Java 17.0.3 on galaxySon with PID 60208 (C:\Project\SpringBootProject\ll_ideaBANK_220904\build\classes\java\main started by jjeon in C:\Project\SpringBootProject\ll_ideaBANK_220904)
2022-09-28 16:38:03.272  INFO 60208 --- [restartedMain] c.l.e.g.GetTwoGetterApplication          : No active profile set, falling back to 1 default profile: "default"
2022-09-28 16:38:03.927  INFO 60208 --- [restartedMain] .s.d.r.c.RepositoryConfigurationDelegate : Bootstrapping Spring Data JPA repositories in DEFAULT mode.
2022-09-28 16:38:03.929  INFO 60208 --- [restartedMain] .s.d.r.c.RepositoryConfigurationDelegate : Finished Spring Data repository scanning in 1 ms. Found 0 JPA repository interfaces.
2022-09-28 16:38:04.216  INFO 60208 --- [restartedMain] o.s.b.w.embedded.tomcat.TomcatWebServer  : Tomcat initialized with port(s): 8080 (http)
2022-09-28 16:38:04.221  INFO 60208 --- [restartedMain] o.apache.catalina.core.StandardService   : Starting service [Tomcat]
2022-09-28 16:38:04.224  INFO 60208 --- [restartedMain] org.apache.catalina.core.StandardEngine  : Starting Servlet engine: [Apache Tomcat/9.0.65]
2022-09-28 16:38:04.356  INFO 60208 --- [restartedMain] o.a.c.c.C.[Tomcat-1].[localhost].[/]     : Initializing Spring embedded WebApplicationContext
2022-09-28 16:38:04.356  INFO 60208 --- [restartedMain] w.s.c.ServletWebServerApplicationContext : Root WebApplicationContext: initialization completed in 1080 ms
2022-09-28 16:38:04.654  INFO 60208 --- [restartedMain] o.hibernate.jpa.internal.util.LogHelper  : HHH000204: Processing PersistenceUnitInfo [name: default]
2022-09-28 16:38:04.675  INFO 60208 --- [restartedMain] com.zaxxer.hikari.HikariDataSource       : HikariPool-4 - Starting...
2022-09-28 16:38:04.696  INFO 60208 --- [restartedMain] com.zaxxer.hikari.HikariDataSource       : HikariPool-4 - Start completed.
2022-09-28 16:38:04.698  INFO 60208 --- [restartedMain] org.hibernate.dialect.Dialect            : HHH000400: Using dialect: org.hibernate.dialect.MySQL55Dialect
2022-09-28 16:38:04.887  INFO 60208 --- [restartedMain] o.h.e.t.j.p.i.JtaPlatformInitiator       : HHH000490: Using JtaPlatform implementation: [org.hibernate.engine.transaction.jta.platform.internal.NoJtaPlatform]
2022-09-28 16:38:04.887  INFO 60208 --- [restartedMain] j.LocalContainerEntityManagerFactoryBean : Initialized JPA EntityManagerFactory for persistence unit 'default'
2022-09-28 16:38:04.922  WARN 60208 --- [restartedMain] JpaBaseConfiguration$JpaWebConfiguration : spring.jpa.open-in-view is enabled by default. Therefore, database queries may be performed during view rendering. Explicitly configure spring.jpa.open-in-view to disable this warning
2022-09-28 16:38:05.093  INFO 60208 --- [restartedMain] o.s.b.a.w.s.WelcomePageHandlerMapping    : Adding welcome page template: index
2022-09-28 16:38:05.258  WARN 60208 --- [restartedMain] .s.s.UserDetailsServiceAutoConfiguration : 

Using generated security password: cbc9b60d-2d09-4b23-b76e-e5a18b5b7d54

This generated password is for development use only. Your security configuration must be updated before running your application in production.

2022-09-28 16:38:05.285  INFO 60208 --- [restartedMain] o.s.s.web.DefaultSecurityFilterChain     : Will secure any request with [org.springframework.security.web.session.DisableEncodeUrlFilter@3759bdd6, org.springframework.security.web.context.request.async.WebAsyncManagerIntegrationFilter@3cccc2fc, org.springframework.security.web.context.SecurityContextPersistenceFilter@3ad370c7, org.springframework.security.web.header.HeaderWriterFilter@6f5eb067, org.springframework.security.web.csrf.CsrfFilter@7eb64d6c, org.springframework.security.web.authentication.logout.LogoutFilter@dbb3fa5, org.springframework.security.web.authentication.UsernamePasswordAuthenticationFilter@4efdd3d2, org.springframework.security.web.authentication.ui.DefaultLoginPageGeneratingFilter@d66e623, org.springframework.security.web.authentication.ui.DefaultLogoutPageGeneratingFilter@24db9678, org.springframework.security.web.authentication.www.BasicAuthenticationFilter@2c7242da, org.springframework.security.web.savedrequest.RequestCacheAwareFilter@75f3ee34, org.springframework.security.web.servletapi.SecurityContextHolderAwareRequestFilter@6f34a565, org.springframework.security.web.authentication.AnonymousAuthenticationFilter@1a0174ab, org.springframework.security.web.session.SessionManagementFilter@76429e4e, org.springframework.security.web.access.ExceptionTranslationFilter@239d9e4f, org.springframework.security.web.access.intercept.FilterSecurityInterceptor@1923299f]
2022-09-28 16:38:05.303  INFO 60208 --- [restartedMain] o.s.b.d.a.OptionalLiveReloadServer       : LiveReload server is running on port 35729
2022-09-28 16:38:05.322  INFO 60208 --- [restartedMain] o.s.b.w.embedded.tomcat.TomcatWebServer  : Tomcat started on port(s): 8080 (http) with context path ''
2022-09-28 16:38:05.326  INFO 60208 --- [restartedMain] c.l.e.g.GetTwoGetterApplication          : Started GetTwoGetterApplication in 2.214 seconds (JVM running for 95.48)
2022-09-28 16:38:05.332  INFO 60208 --- [restartedMain] .ConditionEvaluationDeltaLoggingListener : Condition evaluation delta:


==========================
CONDITION EVALUATION DELTA
==========================


Positive matches:
-----------------

   SpringBootWebSecurityConfiguration.SecurityFilterChainConfiguration matched:
      - AllNestedConditions 2 matched 0 did not; NestedCondition on DefaultWebSecurityCondition.Beans @ConditionalOnMissingBean (types: org.springframework.security.config.annotation.web.configuration.WebSecurityConfigurerAdapter,org.springframework.security.web.SecurityFilterChain; SearchStrategy: all) did not find any beans; NestedCondition on DefaultWebSecurityCondition.Classes @ConditionalOnClass found required classes 'org.springframework.security.web.SecurityFilterChain', 'org.springframework.security.config.annotation.web.builders.HttpSecurity' (DefaultWebSecurityCondition)

   SpringBootWebSecurityConfiguration.WebSecurityEnablerConfiguration matched:
      - @ConditionalOnClass found required class 'org.springframework.security.config.annotation.web.configuration.EnableWebSecurity' (OnClassCondition)
      - @ConditionalOnMissingBean (names: springSecurityFilterChain; SearchStrategy: all) did not find any beans (OnBeanCondition)

   UserDetailsServiceAutoConfiguration matched:
      - @ConditionalOnClass found required class 'org.springframework.security.authentication.AuthenticationManager' (OnClassCondition)
      - @ConditionalOnBean (types: org.springframework.security.config.annotation.ObjectPostProcessor; SearchStrategy: all) found bean 'objectPostProcessor'; @ConditionalOnMissingBean (types: org.springframework.security.authentication.AuthenticationManager,org.springframework.security.authentication.AuthenticationProvider,org.springframework.security.core.userdetails.UserDetailsService,org.springframework.security.authentication.AuthenticationManagerResolver,org.springframework.security.oauth2.jwt.JwtDecoder,org.springframework.security.oauth2.server.resource.introspection.OpaqueTokenIntrospector,org.springframework.security.oauth2.client.registration.ClientRegistrationRepository,org.springframework.security.saml2.provider.service.registration.RelyingPartyRegistrationRepository; SearchStrategy: all) did not find any beans (OnBeanCondition)


Negative matches:
-----------------

    None


Exclusions:
-----------

    None


Unconditional classes:
----------------------

    None



2022-09-28 16:38:05.350  INFO 60208 --- [http-nio-8080-exec-3] o.a.c.c.C.[Tomcat-1].[localhost].[/]     : Initializing Spring DispatcherServlet 'dispatcherServlet'
2022-09-28 16:38:05.351  INFO 60208 --- [http-nio-8080-exec-3] o.s.web.servlet.DispatcherServlet        : Initializing Servlet 'dispatcherServlet'
2022-09-28 16:38:05.352  INFO 60208 --- [http-nio-8080-exec-3] o.s.web.servlet.DispatcherServlet        : Completed initialization in 1 ms
2022-09-28 16:38:10.887  INFO 60208 --- [Thread-14] j.LocalContainerEntityManagerFactoryBean : Closing JPA EntityManagerFactory for persistence unit 'default'
2022-09-28 16:38:10.891  INFO 60208 --- [Thread-14] com.zaxxer.hikari.HikariDataSource       : HikariPool-4 - Shutdown initiated...
2022-09-28 16:38:10.899  INFO 60208 --- [Thread-14] com.zaxxer.hikari.HikariDataSource       : HikariPool-4 - Shutdown completed.
2022-09-28 16:38:11.045  INFO 60208 --- [restartedMain] c.l.e.g.GetTwoGetterApplication          : Starting GetTwoGetterApplication using Java 17.0.3 on galaxySon with PID 60208 (C:\Project\SpringBootProject\ll_ideaBANK_220904\build\classes\java\main started by jjeon in C:\Project\SpringBootProject\ll_ideaBANK_220904)
2022-09-28 16:38:11.048  INFO 60208 --- [restartedMain] c.l.e.g.GetTwoGetterApplication          : No active profile set, falling back to 1 default profile: "default"
2022-09-28 16:38:12.227  INFO 60208 --- [restartedMain] .s.d.r.c.RepositoryConfigurationDelegate : Bootstrapping Spring Data JPA repositories in DEFAULT mode.
2022-09-28 16:38:12.518  INFO 60208 --- [restartedMain] .s.d.r.c.RepositoryConfigurationDelegate : Finished Spring Data repository scanning in 290 ms. Found 4 JPA repository interfaces.
2022-09-28 16:38:12.786  INFO 60208 --- [restartedMain] o.s.b.w.embedded.tomcat.TomcatWebServer  : Tomcat initialized with port(s): 8080 (http)
2022-09-28 16:38:12.787  INFO 60208 --- [restartedMain] o.apache.catalina.core.StandardService   : Starting service [Tomcat]
2022-09-28 16:38:12.788  INFO 60208 --- [restartedMain] org.apache.catalina.core.StandardEngine  : Starting Servlet engine: [Apache Tomcat/9.0.65]
2022-09-28 16:38:12.881  INFO 60208 --- [restartedMain] o.a.c.c.C.[Tomcat-1].[localhost].[/]     : Initializing Spring embedded WebApplicationContext
2022-09-28 16:38:12.882  INFO 60208 --- [restartedMain] w.s.c.ServletWebServerApplicationContext : Root WebApplicationContext: initialization completed in 1828 ms
2022-09-28 16:38:13.102  INFO 60208 --- [restartedMain] o.hibernate.jpa.internal.util.LogHelper  : HHH000204: Processing PersistenceUnitInfo [name: default]
2022-09-28 16:38:13.122  INFO 60208 --- [restartedMain] com.zaxxer.hikari.HikariDataSource       : HikariPool-5 - Starting...
2022-09-28 16:38:13.127  INFO 60208 --- [restartedMain] com.zaxxer.hikari.HikariDataSource       : HikariPool-5 - Start completed.
2022-09-28 16:38:13.128  INFO 60208 --- [restartedMain] org.hibernate.dialect.Dialect            : HHH000400: Using dialect: org.hibernate.dialect.MySQL55Dialect
2022-09-28 16:38:13.441  INFO 60208 --- [restartedMain] o.h.e.t.j.p.i.JtaPlatformInitiator       : HHH000490: Using JtaPlatform implementation: [org.hibernate.engine.transaction.jta.platform.internal.NoJtaPlatform]
2022-09-28 16:38:13.442  INFO 60208 --- [restartedMain] j.LocalContainerEntityManagerFactoryBean : Initialized JPA EntityManagerFactory for persistence unit 'default'
2022-09-28 16:38:13.761  INFO 60208 --- [restartedMain] o.s.s.web.DefaultSecurityFilterChain     : Will secure any request with [org.springframework.security.web.session.DisableEncodeUrlFilter@24e55435, org.springframework.security.web.context.request.async.WebAsyncManagerIntegrationFilter@50fbdf2b, org.springframework.security.web.context.SecurityContextPersistenceFilter@2fb99c85, org.springframework.security.web.header.HeaderWriterFilter@7a6ab3b4, org.springframework.security.web.authentication.logout.LogoutFilter@1536e995, org.springframework.security.web.authentication.UsernamePasswordAuthenticationFilter@67dbe5b5, org.springframework.security.web.savedrequest.RequestCacheAwareFilter@50308d93, org.springframework.security.web.servletapi.SecurityContextHolderAwareRequestFilter@7f687332, org.springframework.security.web.authentication.AnonymousAuthenticationFilter@64143641, org.springframework.security.web.session.SessionManagementFilter@9701331, org.springframework.security.web.access.ExceptionTranslationFilter@6ca27a83, org.springframework.security.web.access.intercept.FilterSecurityInterceptor@7ad9c05d]
2022-09-28 16:38:13.803  WARN 60208 --- [restartedMain] JpaBaseConfiguration$JpaWebConfiguration : spring.jpa.open-in-view is enabled by default. Therefore, database queries may be performed during view rendering. Explicitly configure spring.jpa.open-in-view to disable this warning
2022-09-28 16:38:13.994  INFO 60208 --- [restartedMain] o.s.b.a.w.s.WelcomePageHandlerMapping    : Adding welcome page template: index
2022-09-28 16:38:14.144  INFO 60208 --- [restartedMain] o.s.b.d.a.OptionalLiveReloadServer       : LiveReload server is running on port 35729
2022-09-28 16:38:14.168  INFO 60208 --- [restartedMain] o.s.b.w.embedded.tomcat.TomcatWebServer  : Tomcat started on port(s): 8080 (http) with context path ''
2022-09-28 16:38:14.173  INFO 60208 --- [restartedMain] c.l.e.g.GetTwoGetterApplication          : Started GetTwoGetterApplication in 3.2 seconds (JVM running for 104.326)
2022-09-28 16:38:14.179  INFO 60208 --- [restartedMain] .ConditionEvaluationDeltaLoggingListener : Condition evaluation delta:


==========================
CONDITION EVALUATION DELTA
==========================


Positive matches:
-----------------

    None


Negative matches:
-----------------

   SpringBootWebSecurityConfiguration.SecurityFilterChainConfiguration:
      Did not match:
         - AllNestedConditions 1 matched 1 did not; NestedCondition on DefaultWebSecurityCondition.Beans @ConditionalOnMissingBean (types: org.springframework.security.config.annotation.web.configuration.WebSecurityConfigurerAdapter,org.springframework.security.web.SecurityFilterChain; SearchStrategy: all) found beans of type 'org.springframework.security.web.SecurityFilterChain' filterChain; NestedCondition on DefaultWebSecurityCondition.Classes @ConditionalOnClass found required classes 'org.springframework.security.web.SecurityFilterChain', 'org.springframework.security.config.annotation.web.builders.HttpSecurity' (DefaultWebSecurityCondition)

   SpringBootWebSecurityConfiguration.WebSecurityEnablerConfiguration:
      Did not match:
         - @ConditionalOnMissingBean (names: springSecurityFilterChain; SearchStrategy: all) found beans named springSecurityFilterChain (OnBeanCondition)
      Matched:
         - @ConditionalOnClass found required class 'org.springframework.security.config.annotation.web.configuration.EnableWebSecurity' (OnClassCondition)

   UserDetailsServiceAutoConfiguration:
      Did not match:
         - @ConditionalOnMissingBean (types: org.springframework.security.authentication.AuthenticationManager,org.springframework.security.authentication.AuthenticationProvider,org.springframework.security.core.userdetails.UserDetailsService,org.springframework.security.authentication.AuthenticationManagerResolver,org.springframework.security.oauth2.jwt.JwtDecoder,org.springframework.security.oauth2.server.resource.introspection.OpaqueTokenIntrospector,org.springframework.security.oauth2.client.registration.ClientRegistrationRepository,org.springframework.security.saml2.provider.service.registration.RelyingPartyRegistrationRepository; SearchStrategy: all) found beans of type 'org.springframework.security.authentication.AuthenticationManager' authenticationManager (OnBeanCondition)
      Matched:
         - @ConditionalOnClass found required class 'org.springframework.security.authentication.AuthenticationManager' (OnClassCondition)


Exclusions:
-----------

    None


Unconditional classes:
----------------------

    None



2022-09-28 16:38:17.253  INFO 60208 --- [Thread-18] j.LocalContainerEntityManagerFactoryBean : Closing JPA EntityManagerFactory for persistence unit 'default'
2022-09-28 16:38:17.255  INFO 60208 --- [Thread-18] com.zaxxer.hikari.HikariDataSource       : HikariPool-5 - Shutdown initiated...
2022-09-28 16:38:17.259  INFO 60208 --- [Thread-18] com.zaxxer.hikari.HikariDataSource       : HikariPool-5 - Shutdown completed.
2022-09-28 16:38:17.418  INFO 60208 --- [restartedMain] c.l.e.g.GetTwoGetterApplication          : Starting GetTwoGetterApplication using Java 17.0.3 on galaxySon with PID 60208 (C:\Project\SpringBootProject\ll_ideaBANK_220904\build\classes\java\main started by jjeon in C:\Project\SpringBootProject\ll_ideaBANK_220904)
2022-09-28 16:38:17.420  INFO 60208 --- [restartedMain] c.l.e.g.GetTwoGetterApplication          : No active profile set, falling back to 1 default profile: "default"
2022-09-28 16:38:18.090  INFO 60208 --- [restartedMain] .s.d.r.c.RepositoryConfigurationDelegate : Bootstrapping Spring Data JPA repositories in DEFAULT mode.
2022-09-28 16:38:18.306  INFO 60208 --- [restartedMain] .s.d.r.c.RepositoryConfigurationDelegate : Finished Spring Data repository scanning in 215 ms. Found 4 JPA repository interfaces.
2022-09-28 16:38:18.532  INFO 60208 --- [restartedMain] o.s.b.w.embedded.tomcat.TomcatWebServer  : Tomcat initialized with port(s): 8080 (http)
2022-09-28 16:38:18.533  INFO 60208 --- [restartedMain] o.apache.catalina.core.StandardService   : Starting service [Tomcat]
2022-09-28 16:38:18.533  INFO 60208 --- [restartedMain] org.apache.catalina.core.StandardEngine  : Starting Servlet engine: [Apache Tomcat/9.0.65]
2022-09-28 16:38:18.607  INFO 60208 --- [restartedMain] o.a.c.c.C.[Tomcat-1].[localhost].[/]     : Initializing Spring embedded WebApplicationContext
2022-09-28 16:38:18.608  INFO 60208 --- [restartedMain] w.s.c.ServletWebServerApplicationContext : Root WebApplicationContext: initialization completed in 1184 ms
2022-09-28 16:38:18.777  INFO 60208 --- [restartedMain] o.hibernate.jpa.internal.util.LogHelper  : HHH000204: Processing PersistenceUnitInfo [name: default]
2022-09-28 16:38:18.794  INFO 60208 --- [restartedMain] com.zaxxer.hikari.HikariDataSource       : HikariPool-6 - Starting...
2022-09-28 16:38:18.801  INFO 60208 --- [restartedMain] com.zaxxer.hikari.HikariDataSource       : HikariPool-6 - Start completed.
2022-09-28 16:38:18.802  INFO 60208 --- [restartedMain] org.hibernate.dialect.Dialect            : HHH000400: Using dialect: org.hibernate.dialect.MySQL55Dialect
2022-09-28 16:38:18.983  INFO 60208 --- [restartedMain] o.h.e.t.j.p.i.JtaPlatformInitiator       : HHH000490: Using JtaPlatform implementation: [org.hibernate.engine.transaction.jta.platform.internal.NoJtaPlatform]
2022-09-28 16:38:18.983  INFO 60208 --- [restartedMain] j.LocalContainerEntityManagerFactoryBean : Initialized JPA EntityManagerFactory for persistence unit 'default'
2022-09-28 16:38:19.321  INFO 60208 --- [restartedMain] o.s.s.web.DefaultSecurityFilterChain     : Will secure any request with [org.springframework.security.web.session.DisableEncodeUrlFilter@d3bdded, org.springframework.security.web.context.request.async.WebAsyncManagerIntegrationFilter@2ded9ff2, org.springframework.security.web.context.SecurityContextPersistenceFilter@34b20fb9, org.springframework.security.web.header.HeaderWriterFilter@7cf51cf8, org.springframework.security.web.authentication.logout.LogoutFilter@37740ef9, org.springframework.security.web.authentication.UsernamePasswordAuthenticationFilter@4c7f0d6d, org.springframework.security.web.savedrequest.RequestCacheAwareFilter@68859581, org.springframework.security.web.servletapi.SecurityContextHolderAwareRequestFilter@3cc356b5, org.springframework.security.web.authentication.AnonymousAuthenticationFilter@2d27a084, org.springframework.security.web.session.SessionManagementFilter@2980ce6f, org.springframework.security.web.access.ExceptionTranslationFilter@75952fc9, org.springframework.security.web.access.intercept.FilterSecurityInterceptor@5d0bb82b]
2022-09-28 16:38:19.346  WARN 60208 --- [restartedMain] JpaBaseConfiguration$JpaWebConfiguration : spring.jpa.open-in-view is enabled by default. Therefore, database queries may be performed during view rendering. Explicitly configure spring.jpa.open-in-view to disable this warning
2022-09-28 16:38:19.490  INFO 60208 --- [restartedMain] o.s.b.a.w.s.WelcomePageHandlerMapping    : Adding welcome page template: index
2022-09-28 16:38:19.585  INFO 60208 --- [restartedMain] o.s.b.d.a.OptionalLiveReloadServer       : LiveReload server is running on port 35729
2022-09-28 16:38:19.602  INFO 60208 --- [restartedMain] o.s.b.w.embedded.tomcat.TomcatWebServer  : Tomcat started on port(s): 8080 (http) with context path ''
2022-09-28 16:38:19.606  INFO 60208 --- [restartedMain] c.l.e.g.GetTwoGetterApplication          : Started GetTwoGetterApplication in 2.259 seconds (JVM running for 109.76)
2022-09-28 16:38:19.608  INFO 60208 --- [restartedMain] .ConditionEvaluationDeltaLoggingListener : Condition evaluation unchanged
2022-09-28 16:40:01.955  INFO 61540 --- [restartedMain] c.l.e.g.GetTwoGetterApplication          : Starting GetTwoGetterApplication using Java 17.0.3 on galaxySon with PID 61540 (C:\Project\SpringBootProject\ll_ideaBANK_220904\build\classes\java\main started by jjeon in C:\Project\SpringBootProject\ll_ideaBANK_220904)
2022-09-28 16:40:01.958  INFO 61540 --- [restartedMain] c.l.e.g.GetTwoGetterApplication          : No active profile set, falling back to 1 default profile: "default"
2022-09-28 16:40:02.262  INFO 61540 --- [restartedMain] .e.DevToolsPropertyDefaultsPostProcessor : Devtools property defaults active! Set 'spring.devtools.add-properties' to 'false' to disable
2022-09-28 16:40:02.262  INFO 61540 --- [restartedMain] .e.DevToolsPropertyDefaultsPostProcessor : For additional web related logging consider setting the 'logging.level.web' property to 'DEBUG'
2022-09-28 16:40:03.444  INFO 61540 --- [restartedMain] .s.d.r.c.RepositoryConfigurationDelegate : Bootstrapping Spring Data JPA repositories in DEFAULT mode.
2022-09-28 16:40:03.660  INFO 61540 --- [restartedMain] .s.d.r.c.RepositoryConfigurationDelegate : Finished Spring Data repository scanning in 207 ms. Found 4 JPA repository interfaces.
2022-09-28 16:40:04.954  INFO 61540 --- [restartedMain] o.s.b.w.embedded.tomcat.TomcatWebServer  : Tomcat initialized with port(s): 8080 (http)
2022-09-28 16:40:04.979  INFO 61540 --- [restartedMain] o.apache.catalina.core.StandardService   : Starting service [Tomcat]
2022-09-28 16:40:04.980  INFO 61540 --- [restartedMain] org.apache.catalina.core.StandardEngine  : Starting Servlet engine: [Apache Tomcat/9.0.65]
2022-09-28 16:40:05.196  INFO 61540 --- [restartedMain] o.a.c.c.C.[Tomcat].[localhost].[/]       : Initializing Spring embedded WebApplicationContext
2022-09-28 16:40:05.197  INFO 61540 --- [restartedMain] w.s.c.ServletWebServerApplicationContext : Root WebApplicationContext: initialization completed in 2934 ms
2022-09-28 16:40:05.656  INFO 61540 --- [restartedMain] o.hibernate.jpa.internal.util.LogHelper  : HHH000204: Processing PersistenceUnitInfo [name: default]
2022-09-28 16:40:05.726  INFO 61540 --- [restartedMain] org.hibernate.Version                    : HHH000412: Hibernate ORM core version 5.6.10.Final
2022-09-28 16:40:05.974  INFO 61540 --- [restartedMain] o.hibernate.annotations.common.Version   : HCANN000001: Hibernate Commons Annotations {5.1.2.Final}
2022-09-28 16:40:06.124  INFO 61540 --- [restartedMain] com.zaxxer.hikari.HikariDataSource       : HikariPool-1 - Starting...
2022-09-28 16:40:06.307  INFO 61540 --- [restartedMain] com.zaxxer.hikari.HikariDataSource       : HikariPool-1 - Start completed.
2022-09-28 16:40:06.346  INFO 61540 --- [restartedMain] org.hibernate.dialect.Dialect            : HHH000400: Using dialect: org.hibernate.dialect.MySQL55Dialect
2022-09-28 16:40:07.384  INFO 61540 --- [restartedMain] o.h.e.t.j.p.i.JtaPlatformInitiator       : HHH000490: Using JtaPlatform implementation: [org.hibernate.engine.transaction.jta.platform.internal.NoJtaPlatform]
2022-09-28 16:40:07.396  INFO 61540 --- [restartedMain] j.LocalContainerEntityManagerFactoryBean : Initialized JPA EntityManagerFactory for persistence unit 'default'
2022-09-28 16:40:08.420  INFO 61540 --- [restartedMain] o.s.s.web.DefaultSecurityFilterChain     : Will secure any request with [org.springframework.security.web.session.DisableEncodeUrlFilter@2fab11dd, org.springframework.security.web.context.request.async.WebAsyncManagerIntegrationFilter@307ef907, org.springframework.security.web.context.SecurityContextPersistenceFilter@13166b7b, org.springframework.security.web.header.HeaderWriterFilter@4cede2fe, org.springframework.security.web.authentication.logout.LogoutFilter@13a23b5e, org.springframework.security.web.authentication.UsernamePasswordAuthenticationFilter@f3caf06, org.springframework.security.web.savedrequest.RequestCacheAwareFilter@553aedc, org.springframework.security.web.servletapi.SecurityContextHolderAwareRequestFilter@786ecf43, org.springframework.security.web.authentication.AnonymousAuthenticationFilter@5ad03491, org.springframework.security.web.session.SessionManagementFilter@21b4d06d, org.springframework.security.web.access.ExceptionTranslationFilter@4b13453c, org.springframework.security.web.access.intercept.FilterSecurityInterceptor@872f718]
2022-09-28 16:40:08.535  WARN 61540 --- [restartedMain] JpaBaseConfiguration$JpaWebConfiguration : spring.jpa.open-in-view is enabled by default. Therefore, database queries may be performed during view rendering. Explicitly configure spring.jpa.open-in-view to disable this warning
2022-09-28 16:40:08.887  INFO 61540 --- [restartedMain] o.s.b.a.w.s.WelcomePageHandlerMapping    : Adding welcome page template: index
2022-09-28 16:40:09.828  INFO 61540 --- [restartedMain] o.s.b.d.a.OptionalLiveReloadServer       : LiveReload server is running on port 35729
2022-09-28 16:40:09.880  INFO 61540 --- [restartedMain] o.s.b.w.embedded.tomcat.TomcatWebServer  : Tomcat started on port(s): 8080 (http) with context path ''
2022-09-28 16:40:09.896  INFO 61540 --- [restartedMain] c.l.e.g.GetTwoGetterApplication          : Started GetTwoGetterApplication in 8.465 seconds (JVM running for 9.206)
2022-09-28 17:34:36.311  INFO 60336 --- [restartedMain] c.l.e.g.GetTwoGetterApplication          : Starting GetTwoGetterApplication using Java 17.0.3 on galaxySon with PID 60336 (C:\Project\SpringBootProject\ll_ideaBANK_220904\build\classes\java\main started by jjeon in C:\Project\SpringBootProject\ll_ideaBANK_220904)
2022-09-28 17:34:36.313  INFO 60336 --- [restartedMain] c.l.e.g.GetTwoGetterApplication          : No active profile set, falling back to 1 default profile: "default"
2022-09-28 17:34:36.631  INFO 60336 --- [restartedMain] .e.DevToolsPropertyDefaultsPostProcessor : Devtools property defaults active! Set 'spring.devtools.add-properties' to 'false' to disable
2022-09-28 17:34:36.631  INFO 60336 --- [restartedMain] .e.DevToolsPropertyDefaultsPostProcessor : For additional web related logging consider setting the 'logging.level.web' property to 'DEBUG'
2022-09-28 17:34:37.808  INFO 60336 --- [restartedMain] .s.d.r.c.RepositoryConfigurationDelegate : Bootstrapping Spring Data JPA repositories in DEFAULT mode.
2022-09-28 17:34:38.053  INFO 60336 --- [restartedMain] .s.d.r.c.RepositoryConfigurationDelegate : Finished Spring Data repository scanning in 226 ms. Found 4 JPA repository interfaces.
2022-09-28 17:34:39.259  INFO 60336 --- [restartedMain] o.s.b.w.embedded.tomcat.TomcatWebServer  : Tomcat initialized with port(s): 8080 (http)
2022-09-28 17:34:39.274  INFO 60336 --- [restartedMain] o.apache.catalina.core.StandardService   : Starting service [Tomcat]
2022-09-28 17:34:39.275  INFO 60336 --- [restartedMain] org.apache.catalina.core.StandardEngine  : Starting Servlet engine: [Apache Tomcat/9.0.65]
2022-09-28 17:34:39.527  INFO 60336 --- [restartedMain] o.a.c.c.C.[Tomcat].[localhost].[/]       : Initializing Spring embedded WebApplicationContext
2022-09-28 17:34:39.528  INFO 60336 --- [restartedMain] w.s.c.ServletWebServerApplicationContext : Root WebApplicationContext: initialization completed in 2896 ms
2022-09-28 17:34:39.937  INFO 60336 --- [restartedMain] o.hibernate.jpa.internal.util.LogHelper  : HHH000204: Processing PersistenceUnitInfo [name: default]
2022-09-28 17:34:40.023  INFO 60336 --- [restartedMain] org.hibernate.Version                    : HHH000412: Hibernate ORM core version 5.6.10.Final
2022-09-28 17:34:40.342  INFO 60336 --- [restartedMain] o.hibernate.annotations.common.Version   : HCANN000001: Hibernate Commons Annotations {5.1.2.Final}
2022-09-28 17:34:40.558  INFO 60336 --- [restartedMain] com.zaxxer.hikari.HikariDataSource       : HikariPool-1 - Starting...
2022-09-28 17:34:40.802  INFO 60336 --- [restartedMain] com.zaxxer.hikari.HikariDataSource       : HikariPool-1 - Start completed.
2022-09-28 17:34:40.850  INFO 60336 --- [restartedMain] org.hibernate.dialect.Dialect            : HHH000400: Using dialect: org.hibernate.dialect.MySQL55Dialect
2022-09-28 17:34:42.062  INFO 60336 --- [restartedMain] o.h.e.t.j.p.i.JtaPlatformInitiator       : HHH000490: Using JtaPlatform implementation: [org.hibernate.engine.transaction.jta.platform.internal.NoJtaPlatform]
2022-09-28 17:34:42.071  INFO 60336 --- [restartedMain] j.LocalContainerEntityManagerFactoryBean : Initialized JPA EntityManagerFactory for persistence unit 'default'
2022-09-28 17:34:43.325  INFO 60336 --- [restartedMain] o.s.s.web.DefaultSecurityFilterChain     : Will secure any request with [org.springframework.security.web.session.DisableEncodeUrlFilter@21b17bd, org.springframework.security.web.context.request.async.WebAsyncManagerIntegrationFilter@bc72328, org.springframework.security.web.context.SecurityContextPersistenceFilter@6ec015b6, org.springframework.security.web.header.HeaderWriterFilter@16b11f6, org.springframework.security.web.authentication.logout.LogoutFilter@157b3447, org.springframework.security.web.authentication.UsernamePasswordAuthenticationFilter@393789b6, org.springframework.security.web.savedrequest.RequestCacheAwareFilter@39c63eeb, org.springframework.security.web.servletapi.SecurityContextHolderAwareRequestFilter@679c290d, org.springframework.security.web.authentication.AnonymousAuthenticationFilter@e3861df, org.springframework.security.web.session.SessionManagementFilter@3761b2c7, org.springframework.security.web.access.ExceptionTranslationFilter@7c1b0f9c, org.springframework.security.web.access.intercept.FilterSecurityInterceptor@6b1c5937]
2022-09-28 17:34:43.419  WARN 60336 --- [restartedMain] JpaBaseConfiguration$JpaWebConfiguration : spring.jpa.open-in-view is enabled by default. Therefore, database queries may be performed during view rendering. Explicitly configure spring.jpa.open-in-view to disable this warning
2022-09-28 17:34:43.740  INFO 60336 --- [restartedMain] o.s.b.a.w.s.WelcomePageHandlerMapping    : Adding welcome page template: index
2022-09-28 17:34:44.669  INFO 60336 --- [restartedMain] o.s.b.d.a.OptionalLiveReloadServer       : LiveReload server is running on port 35729
2022-09-28 17:34:44.730  INFO 60336 --- [restartedMain] o.s.b.w.embedded.tomcat.TomcatWebServer  : Tomcat started on port(s): 8080 (http) with context path ''
2022-09-28 17:34:44.749  INFO 60336 --- [restartedMain] c.l.e.g.GetTwoGetterApplication          : Started GetTwoGetterApplication in 9.006 seconds (JVM running for 9.689)
2022-09-28 17:34:50.475  INFO 60336 --- [http-nio-8080-exec-1] o.a.c.c.C.[Tomcat].[localhost].[/]       : Initializing Spring DispatcherServlet 'dispatcherServlet'
2022-09-28 17:34:50.476  INFO 60336 --- [http-nio-8080-exec-1] o.s.web.servlet.DispatcherServlet        : Initializing Servlet 'dispatcherServlet'
2022-09-28 17:34:50.477  INFO 60336 --- [http-nio-8080-exec-1] o.s.web.servlet.DispatcherServlet        : Completed initialization in 1 ms
2022-09-28 17:35:48.599  INFO 60336 --- [Thread-5] j.LocalContainerEntityManagerFactoryBean : Closing JPA EntityManagerFactory for persistence unit 'default'
2022-09-28 17:35:48.604  INFO 60336 --- [Thread-5] com.zaxxer.hikari.HikariDataSource       : HikariPool-1 - Shutdown initiated...
2022-09-28 17:35:48.619  INFO 60336 --- [Thread-5] com.zaxxer.hikari.HikariDataSource       : HikariPool-1 - Shutdown completed.
2022-09-28 17:35:48.911  INFO 60336 --- [restartedMain] c.l.e.g.GetTwoGetterApplication          : Starting GetTwoGetterApplication using Java 17.0.3 on galaxySon with PID 60336 (C:\Project\SpringBootProject\ll_ideaBANK_220904\build\classes\java\main started by jjeon in C:\Project\SpringBootProject\ll_ideaBANK_220904)
2022-09-28 17:35:48.921  INFO 60336 --- [restartedMain] c.l.e.g.GetTwoGetterApplication          : No active profile set, falling back to 1 default profile: "default"
2022-09-28 17:35:50.191  INFO 60336 --- [restartedMain] .s.d.r.c.RepositoryConfigurationDelegate : Bootstrapping Spring Data JPA repositories in DEFAULT mode.
2022-09-28 17:35:50.426  INFO 60336 --- [restartedMain] .s.d.r.c.RepositoryConfigurationDelegate : Finished Spring Data repository scanning in 233 ms. Found 4 JPA repository interfaces.
2022-09-28 17:35:50.687  INFO 60336 --- [restartedMain] o.s.b.w.embedded.tomcat.TomcatWebServer  : Tomcat initialized with port(s): 8080 (http)
2022-09-28 17:35:50.689  INFO 60336 --- [restartedMain] o.apache.catalina.core.StandardService   : Starting service [Tomcat]
2022-09-28 17:35:50.691  INFO 60336 --- [restartedMain] org.apache.catalina.core.StandardEngine  : Starting Servlet engine: [Apache Tomcat/9.0.65]
2022-09-28 17:35:50.771  INFO 60336 --- [restartedMain] o.a.c.c.C.[Tomcat].[localhost].[/]       : Initializing Spring embedded WebApplicationContext
2022-09-28 17:35:50.772  INFO 60336 --- [restartedMain] w.s.c.ServletWebServerApplicationContext : Root WebApplicationContext: initialization completed in 1845 ms
2022-09-28 17:35:50.968  INFO 60336 --- [restartedMain] o.hibernate.jpa.internal.util.LogHelper  : HHH000204: Processing PersistenceUnitInfo [name: default]
2022-09-28 17:35:50.987  INFO 60336 --- [restartedMain] com.zaxxer.hikari.HikariDataSource       : HikariPool-2 - Starting...
2022-09-28 17:35:51.041  INFO 60336 --- [restartedMain] com.zaxxer.hikari.HikariDataSource       : HikariPool-2 - Start completed.
2022-09-28 17:35:51.042  INFO 60336 --- [restartedMain] org.hibernate.dialect.Dialect            : HHH000400: Using dialect: org.hibernate.dialect.MySQL55Dialect
2022-09-28 17:35:51.346  INFO 60336 --- [restartedMain] o.h.e.t.j.p.i.JtaPlatformInitiator       : HHH000490: Using JtaPlatform implementation: [org.hibernate.engine.transaction.jta.platform.internal.NoJtaPlatform]
2022-09-28 17:35:51.346  INFO 60336 --- [restartedMain] j.LocalContainerEntityManagerFactoryBean : Initialized JPA EntityManagerFactory for persistence unit 'default'
2022-09-28 17:35:51.795  INFO 60336 --- [restartedMain] o.s.s.web.DefaultSecurityFilterChain     : Will secure any request with [org.springframework.security.web.session.DisableEncodeUrlFilter@79ab43f0, org.springframework.security.web.context.request.async.WebAsyncManagerIntegrationFilter@7eacbc43, org.springframework.security.web.context.SecurityContextPersistenceFilter@29bfc154, org.springframework.security.web.header.HeaderWriterFilter@16887ac6, org.springframework.security.web.authentication.logout.LogoutFilter@4a045d8, org.springframework.security.web.authentication.UsernamePasswordAuthenticationFilter@458f3f58, org.springframework.security.web.savedrequest.RequestCacheAwareFilter@2bce7750, org.springframework.security.web.servletapi.SecurityContextHolderAwareRequestFilter@7ec566a5, org.springframework.security.web.authentication.AnonymousAuthenticationFilter@3a4e613a, org.springframework.security.web.session.SessionManagementFilter@576f58a0, org.springframework.security.web.access.ExceptionTranslationFilter@b04863, org.springframework.security.web.access.intercept.FilterSecurityInterceptor@4100b4d8]
2022-09-28 17:35:51.826  WARN 60336 --- [restartedMain] JpaBaseConfiguration$JpaWebConfiguration : spring.jpa.open-in-view is enabled by default. Therefore, database queries may be performed during view rendering. Explicitly configure spring.jpa.open-in-view to disable this warning
2022-09-28 17:35:51.987  INFO 60336 --- [restartedMain] o.s.b.a.w.s.WelcomePageHandlerMapping    : Adding welcome page template: index
2022-09-28 17:35:52.114  INFO 60336 --- [restartedMain] o.s.b.d.a.OptionalLiveReloadServer       : LiveReload server is running on port 35729
2022-09-28 17:35:52.136  INFO 60336 --- [restartedMain] o.s.b.w.embedded.tomcat.TomcatWebServer  : Tomcat started on port(s): 8080 (http) with context path ''
2022-09-28 17:35:52.144  INFO 60336 --- [restartedMain] c.l.e.g.GetTwoGetterApplication          : Started GetTwoGetterApplication in 3.401 seconds (JVM running for 77.084)
2022-09-28 17:35:52.147  INFO 60336 --- [restartedMain] .ConditionEvaluationDeltaLoggingListener : Condition evaluation unchanged
2022-09-28 17:35:52.185  INFO 60336 --- [http-nio-8080-exec-2] o.a.c.c.C.[Tomcat].[localhost].[/]       : Initializing Spring DispatcherServlet 'dispatcherServlet'
2022-09-28 17:35:52.185  INFO 60336 --- [http-nio-8080-exec-2] o.s.web.servlet.DispatcherServlet        : Initializing Servlet 'dispatcherServlet'
2022-09-28 17:35:52.187  INFO 60336 --- [http-nio-8080-exec-2] o.s.web.servlet.DispatcherServlet        : Completed initialization in 1 ms
2022-09-28 17:37:07.422  INFO 41356 --- [restartedMain] c.l.e.g.GetTwoGetterApplication          : Starting GetTwoGetterApplication using Java 17.0.3 on galaxySon with PID 41356 (C:\Project\SpringBootProject\ll_ideaBANK_220904\build\classes\java\main started by jjeon in C:\Project\SpringBootProject\ll_ideaBANK_220904)
2022-09-28 17:37:07.423  INFO 41356 --- [restartedMain] c.l.e.g.GetTwoGetterApplication          : No active profile set, falling back to 1 default profile: "default"
2022-09-28 17:37:07.760  INFO 41356 --- [restartedMain] .e.DevToolsPropertyDefaultsPostProcessor : Devtools property defaults active! Set 'spring.devtools.add-properties' to 'false' to disable
2022-09-28 17:37:07.760  INFO 41356 --- [restartedMain] .e.DevToolsPropertyDefaultsPostProcessor : For additional web related logging consider setting the 'logging.level.web' property to 'DEBUG'
2022-09-28 17:37:08.961  INFO 41356 --- [restartedMain] .s.d.r.c.RepositoryConfigurationDelegate : Bootstrapping Spring Data JPA repositories in DEFAULT mode.
2022-09-28 17:37:09.155  INFO 41356 --- [restartedMain] .s.d.r.c.RepositoryConfigurationDelegate : Finished Spring Data repository scanning in 181 ms. Found 4 JPA repository interfaces.
2022-09-28 17:37:10.620  INFO 41356 --- [restartedMain] o.s.b.w.embedded.tomcat.TomcatWebServer  : Tomcat initialized with port(s): 8080 (http)
2022-09-28 17:37:10.639  INFO 41356 --- [restartedMain] o.apache.catalina.core.StandardService   : Starting service [Tomcat]
2022-09-28 17:37:10.640  INFO 41356 --- [restartedMain] org.apache.catalina.core.StandardEngine  : Starting Servlet engine: [Apache Tomcat/9.0.65]
2022-09-28 17:37:10.912  INFO 41356 --- [restartedMain] o.a.c.c.C.[Tomcat].[localhost].[/]       : Initializing Spring embedded WebApplicationContext
2022-09-28 17:37:10.913  INFO 41356 --- [restartedMain] w.s.c.ServletWebServerApplicationContext : Root WebApplicationContext: initialization completed in 3152 ms
2022-09-28 17:37:11.399  INFO 41356 --- [restartedMain] o.hibernate.jpa.internal.util.LogHelper  : HHH000204: Processing PersistenceUnitInfo [name: default]
2022-09-28 17:37:11.500  INFO 41356 --- [restartedMain] org.hibernate.Version                    : HHH000412: Hibernate ORM core version 5.6.10.Final
2022-09-28 17:37:11.837  INFO 41356 --- [restartedMain] o.hibernate.annotations.common.Version   : HCANN000001: Hibernate Commons Annotations {5.1.2.Final}
2022-09-28 17:37:12.041  INFO 41356 --- [restartedMain] com.zaxxer.hikari.HikariDataSource       : HikariPool-1 - Starting...
2022-09-28 17:37:12.261  INFO 41356 --- [restartedMain] com.zaxxer.hikari.HikariDataSource       : HikariPool-1 - Start completed.
2022-09-28 17:37:12.303  INFO 41356 --- [restartedMain] org.hibernate.dialect.Dialect            : HHH000400: Using dialect: org.hibernate.dialect.MySQL55Dialect
2022-09-28 17:37:13.373  INFO 41356 --- [restartedMain] o.h.e.t.j.p.i.JtaPlatformInitiator       : HHH000490: Using JtaPlatform implementation: [org.hibernate.engine.transaction.jta.platform.internal.NoJtaPlatform]
2022-09-28 17:37:13.384  INFO 41356 --- [restartedMain] j.LocalContainerEntityManagerFactoryBean : Initialized JPA EntityManagerFactory for persistence unit 'default'
2022-09-28 17:37:14.663  INFO 41356 --- [restartedMain] o.s.s.web.DefaultSecurityFilterChain     : Will secure any request with [org.springframework.security.web.session.DisableEncodeUrlFilter@5b56bc2f, org.springframework.security.web.context.request.async.WebAsyncManagerIntegrationFilter@47131c0c, org.springframework.security.web.context.SecurityContextPersistenceFilter@493f4c26, org.springframework.security.web.header.HeaderWriterFilter@56f5046c, org.springframework.security.web.authentication.logout.LogoutFilter@4ee91423, org.springframework.security.web.authentication.UsernamePasswordAuthenticationFilter@272937e0, org.springframework.security.web.savedrequest.RequestCacheAwareFilter@464afcd8, org.springframework.security.web.servletapi.SecurityContextHolderAwareRequestFilter@38a92adc, org.springframework.security.web.authentication.AnonymousAuthenticationFilter@296ba539, org.springframework.security.web.session.SessionManagementFilter@e488749, org.springframework.security.web.access.ExceptionTranslationFilter@6d9798dd, org.springframework.security.web.access.intercept.FilterSecurityInterceptor@5988aa3b]
2022-09-28 17:37:14.784  WARN 41356 --- [restartedMain] JpaBaseConfiguration$JpaWebConfiguration : spring.jpa.open-in-view is enabled by default. Therefore, database queries may be performed during view rendering. Explicitly configure spring.jpa.open-in-view to disable this warning
2022-09-28 17:37:15.124  INFO 41356 --- [restartedMain] o.s.b.a.w.s.WelcomePageHandlerMapping    : Adding welcome page template: index
2022-09-28 17:37:16.147  INFO 41356 --- [restartedMain] o.s.b.d.a.OptionalLiveReloadServer       : LiveReload server is running on port 35729
2022-09-28 17:37:16.225  INFO 41356 --- [restartedMain] o.s.b.w.embedded.tomcat.TomcatWebServer  : Tomcat started on port(s): 8080 (http) with context path ''
2022-09-28 17:37:16.253  INFO 41356 --- [restartedMain] c.l.e.g.GetTwoGetterApplication          : Started GetTwoGetterApplication in 9.377 seconds (JVM running for 10.143)
2022-09-28 23:14:45.919  INFO 63872 --- [restartedMain] c.l.e.g.GetTwoGetterApplication          : Starting GetTwoGetterApplication using Java 17.0.3 on galaxySon with PID 63872 (C:\Project\SpringBootProject\ll_ideaBANK_220904\build\classes\java\main started by jjeon in C:\Project\SpringBootProject\ll_ideaBANK_220904)
2022-09-28 23:14:45.923  INFO 63872 --- [restartedMain] c.l.e.g.GetTwoGetterApplication          : No active profile set, falling back to 1 default profile: "default"
2022-09-28 23:14:46.507  INFO 63872 --- [restartedMain] .e.DevToolsPropertyDefaultsPostProcessor : Devtools property defaults active! Set 'spring.devtools.add-properties' to 'false' to disable
2022-09-28 23:14:46.508  INFO 63872 --- [restartedMain] .e.DevToolsPropertyDefaultsPostProcessor : For additional web related logging consider setting the 'logging.level.web' property to 'DEBUG'
2022-09-28 23:14:46.849  WARN 63872 --- [restartedMain] ConfigServletWebServerApplicationContext : Exception encountered during context initialization - cancelling refresh attempt: org.springframework.beans.factory.BeanDefinitionStoreException: Failed to read candidate component class: file [C:\Project\SpringBootProject\ll_ideaBANK_220904\build\classes\java\main\com\ll\example\getTwoGetter\Board\domain\repository\BoardRepository.class]; nested exception is java.lang.ArrayIndexOutOfBoundsException: Index 6 out of bounds for length 0
2022-09-28 23:14:46.920 ERROR 63872 --- [restartedMain] o.s.boot.SpringApplication               : Application run failed

org.springframework.beans.factory.BeanDefinitionStoreException: Failed to read candidate component class: file [C:\Project\SpringBootProject\ll_ideaBANK_220904\build\classes\java\main\com\ll\example\getTwoGetter\Board\domain\repository\BoardRepository.class]; nested exception is java.lang.ArrayIndexOutOfBoundsException: Index 6 out of bounds for length 0
	at org.springframework.context.annotation.ClassPathScanningCandidateComponentProvider.scanCandidateComponents(ClassPathScanningCandidateComponentProvider.java:457) ~[spring-context-5.3.22.jar:5.3.22]
	at org.springframework.context.annotation.ClassPathScanningCandidateComponentProvider.findCandidateComponents(ClassPathScanningCandidateComponentProvider.java:316) ~[spring-context-5.3.22.jar:5.3.22]
	at org.springframework.context.annotation.ClassPathBeanDefinitionScanner.doScan(ClassPathBeanDefinitionScanner.java:276) ~[spring-context-5.3.22.jar:5.3.22]
	at org.springframework.context.annotation.ComponentScanAnnotationParser.parse(ComponentScanAnnotationParser.java:128) ~[spring-context-5.3.22.jar:5.3.22]
	at org.springframework.context.annotation.ConfigurationClassParser.doProcessConfigurationClass(ConfigurationClassParser.java:296) ~[spring-context-5.3.22.jar:5.3.22]
	at org.springframework.context.annotation.ConfigurationClassParser.processConfigurationClass(ConfigurationClassParser.java:250) ~[spring-context-5.3.22.jar:5.3.22]
	at org.springframework.context.annotation.ConfigurationClassParser.parse(ConfigurationClassParser.java:207) ~[spring-context-5.3.22.jar:5.3.22]
	at org.springframework.context.annotation.ConfigurationClassParser.parse(ConfigurationClassParser.java:175) ~[spring-context-5.3.22.jar:5.3.22]
	at org.springframework.context.annotation.ConfigurationClassPostProcessor.processConfigBeanDefinitions(ConfigurationClassPostProcessor.java:331) ~[spring-context-5.3.22.jar:5.3.22]
	at org.springframework.context.annotation.ConfigurationClassPostProcessor.postProcessBeanDefinitionRegistry(ConfigurationClassPostProcessor.java:247) ~[spring-context-5.3.22.jar:5.3.22]
	at org.springframework.context.support.PostProcessorRegistrationDelegate.invokeBeanDefinitionRegistryPostProcessors(PostProcessorRegistrationDelegate.java:311) ~[spring-context-5.3.22.jar:5.3.22]
	at org.springframework.context.support.PostProcessorRegistrationDelegate.invokeBeanFactoryPostProcessors(PostProcessorRegistrationDelegate.java:112) ~[spring-context-5.3.22.jar:5.3.22]
	at org.springframework.context.support.AbstractApplicationContext.invokeBeanFactoryPostProcessors(AbstractApplicationContext.java:746) ~[spring-context-5.3.22.jar:5.3.22]
	at org.springframework.context.support.AbstractApplicationContext.refresh(AbstractApplicationContext.java:564) ~[spring-context-5.3.22.jar:5.3.22]
	at org.springframework.boot.web.servlet.context.ServletWebServerApplicationContext.refresh(ServletWebServerApplicationContext.java:147) ~[spring-boot-2.7.2.jar:2.7.2]
	at org.springframework.boot.SpringApplication.refresh(SpringApplication.java:734) ~[spring-boot-2.7.2.jar:2.7.2]
	at org.springframework.boot.SpringApplication.refreshContext(SpringApplication.java:408) ~[spring-boot-2.7.2.jar:2.7.2]
	at org.springframework.boot.SpringApplication.run(SpringApplication.java:308) ~[spring-boot-2.7.2.jar:2.7.2]
	at org.springframework.boot.SpringApplication.run(SpringApplication.java:1306) ~[spring-boot-2.7.2.jar:2.7.2]
	at org.springframework.boot.SpringApplication.run(SpringApplication.java:1295) ~[spring-boot-2.7.2.jar:2.7.2]
	at com.ll.example.getTwoGetter.GetTwoGetterApplication.main(GetTwoGetterApplication.java:14) ~[main/:na]
	at java.base/jdk.internal.reflect.NativeMethodAccessorImpl.invoke0(Native Method) ~[na:na]
	at java.base/jdk.internal.reflect.NativeMethodAccessorImpl.invoke(NativeMethodAccessorImpl.java:77) ~[na:na]
	at java.base/jdk.internal.reflect.DelegatingMethodAccessorImpl.invoke(DelegatingMethodAccessorImpl.java:43) ~[na:na]
	at java.base/java.lang.reflect.Method.invoke(Method.java:568) ~[na:na]
	at org.springframework.boot.devtools.restart.RestartLauncher.run(RestartLauncher.java:49) ~[spring-boot-devtools-2.7.2.jar:2.7.2]
Caused by: java.lang.ArrayIndexOutOfBoundsException: Index 6 out of bounds for length 0
	at org.springframework.asm.ClassReader.readShort(ClassReader.java:3614) ~[spring-core-5.3.22.jar:5.3.22]
	at org.springframework.asm.ClassReader.<init>(ClassReader.java:197) ~[spring-core-5.3.22.jar:5.3.22]
	at org.springframework.asm.ClassReader.<init>(ClassReader.java:180) ~[spring-core-5.3.22.jar:5.3.22]
	at org.springframework.asm.ClassReader.<init>(ClassReader.java:166) ~[spring-core-5.3.22.jar:5.3.22]
	at org.springframework.asm.ClassReader.<init>(ClassReader.java:287) ~[spring-core-5.3.22.jar:5.3.22]
	at org.springframework.core.type.classreading.SimpleMetadataReader.getClassReader(SimpleMetadataReader.java:57) ~[spring-core-5.3.22.jar:5.3.22]
	at org.springframework.core.type.classreading.SimpleMetadataReader.<init>(SimpleMetadataReader.java:49) ~[spring-core-5.3.22.jar:5.3.22]
	at org.springframework.core.type.classreading.SimpleMetadataReaderFactory.getMetadataReader(SimpleMetadataReaderFactory.java:103) ~[spring-core-5.3.22.jar:5.3.22]
	at org.springframework.core.type.classreading.CachingMetadataReaderFactory.getMetadataReader(CachingMetadataReaderFactory.java:123) ~[spring-core-5.3.22.jar:5.3.22]
	at org.springframework.context.annotation.ClassPathScanningCandidateComponentProvider.scanCandidateComponents(ClassPathScanningCandidateComponentProvider.java:429) ~[spring-context-5.3.22.jar:5.3.22]
	... 25 common frames omitted

2022-09-28 23:16:16.205  INFO 73768 --- [restartedMain] c.l.e.g.GetTwoGetterApplication          : Starting GetTwoGetterApplication using Java 17.0.3 on galaxySon with PID 73768 (C:\Project\SpringBootProject\ll_ideaBANK_220904\build\classes\java\main started by jjeon in C:\Project\SpringBootProject\ll_ideaBANK_220904)
2022-09-28 23:16:16.210  INFO 73768 --- [restartedMain] c.l.e.g.GetTwoGetterApplication          : No active profile set, falling back to 1 default profile: "default"
2022-09-28 23:16:16.560  INFO 73768 --- [restartedMain] .e.DevToolsPropertyDefaultsPostProcessor : Devtools property defaults active! Set 'spring.devtools.add-properties' to 'false' to disable
2022-09-28 23:16:16.561  INFO 73768 --- [restartedMain] .e.DevToolsPropertyDefaultsPostProcessor : For additional web related logging consider setting the 'logging.level.web' property to 'DEBUG'
2022-09-28 23:16:18.095  INFO 73768 --- [restartedMain] .s.d.r.c.RepositoryConfigurationDelegate : Bootstrapping Spring Data JPA repositories in DEFAULT mode.
2022-09-28 23:16:18.303  INFO 73768 --- [restartedMain] .s.d.r.c.RepositoryConfigurationDelegate : Finished Spring Data repository scanning in 191 ms. Found 4 JPA repository interfaces.
2022-09-28 23:16:19.851  INFO 73768 --- [restartedMain] o.s.b.w.embedded.tomcat.TomcatWebServer  : Tomcat initialized with port(s): 8080 (http)
2022-09-28 23:16:19.883  INFO 73768 --- [restartedMain] o.apache.catalina.core.StandardService   : Starting service [Tomcat]
2022-09-28 23:16:19.886  INFO 73768 --- [restartedMain] org.apache.catalina.core.StandardEngine  : Starting Servlet engine: [Apache Tomcat/9.0.65]
2022-09-28 23:16:20.301  INFO 73768 --- [restartedMain] o.a.c.c.C.[Tomcat].[localhost].[/]       : Initializing Spring embedded WebApplicationContext
2022-09-28 23:16:20.302  INFO 73768 --- [restartedMain] w.s.c.ServletWebServerApplicationContext : Root WebApplicationContext: initialization completed in 3741 ms
2022-09-28 23:16:20.949  INFO 73768 --- [restartedMain] o.hibernate.jpa.internal.util.LogHelper  : HHH000204: Processing PersistenceUnitInfo [name: default]
2022-09-28 23:16:21.035  INFO 73768 --- [restartedMain] org.hibernate.Version                    : HHH000412: Hibernate ORM core version 5.6.10.Final
2022-09-28 23:16:21.405  INFO 73768 --- [restartedMain] o.hibernate.annotations.common.Version   : HCANN000001: Hibernate Commons Annotations {5.1.2.Final}
2022-09-28 23:16:21.603  INFO 73768 --- [restartedMain] com.zaxxer.hikari.HikariDataSource       : HikariPool-1 - Starting...
2022-09-28 23:16:21.831  INFO 73768 --- [restartedMain] com.zaxxer.hikari.HikariDataSource       : HikariPool-1 - Start completed.
2022-09-28 23:16:21.875  INFO 73768 --- [restartedMain] org.hibernate.dialect.Dialect            : HHH000400: Using dialect: org.hibernate.dialect.MySQL55Dialect
2022-09-28 23:16:22.936  INFO 73768 --- [restartedMain] o.h.e.t.j.p.i.JtaPlatformInitiator       : HHH000490: Using JtaPlatform implementation: [org.hibernate.engine.transaction.jta.platform.internal.NoJtaPlatform]
2022-09-28 23:16:22.951  INFO 73768 --- [restartedMain] j.LocalContainerEntityManagerFactoryBean : Initialized JPA EntityManagerFactory for persistence unit 'default'
2022-09-28 23:16:24.501  INFO 73768 --- [restartedMain] o.s.s.web.DefaultSecurityFilterChain     : Will secure any request with [org.springframework.security.web.session.DisableEncodeUrlFilter@31596e04, org.springframework.security.web.context.request.async.WebAsyncManagerIntegrationFilter@9d302ef, org.springframework.security.web.context.SecurityContextPersistenceFilter@50ddbddf, org.springframework.security.web.header.HeaderWriterFilter@46d82d43, org.springframework.security.web.authentication.logout.LogoutFilter@36fbf02b, org.springframework.security.web.authentication.UsernamePasswordAuthenticationFilter@68d98982, org.springframework.security.web.savedrequest.RequestCacheAwareFilter@6e9a4677, org.springframework.security.web.servletapi.SecurityContextHolderAwareRequestFilter@364cf13d, org.springframework.security.web.authentication.AnonymousAuthenticationFilter@2de21fce, org.springframework.security.web.session.SessionManagementFilter@37bf5c71, org.springframework.security.web.access.ExceptionTranslationFilter@2e811e88, org.springframework.security.web.access.intercept.FilterSecurityInterceptor@2cf28808]
2022-09-28 23:16:24.616  WARN 73768 --- [restartedMain] JpaBaseConfiguration$JpaWebConfiguration : spring.jpa.open-in-view is enabled by default. Therefore, database queries may be performed during view rendering. Explicitly configure spring.jpa.open-in-view to disable this warning
2022-09-28 23:16:25.047  INFO 73768 --- [restartedMain] o.s.b.a.w.s.WelcomePageHandlerMapping    : Adding welcome page template: index
2022-09-28 23:16:26.351  INFO 73768 --- [restartedMain] o.s.b.d.a.OptionalLiveReloadServer       : LiveReload server is running on port 35729
2022-09-28 23:16:26.430  INFO 73768 --- [restartedMain] o.s.b.w.embedded.tomcat.TomcatWebServer  : Tomcat started on port(s): 8080 (http) with context path ''
2022-09-28 23:16:26.449  INFO 73768 --- [restartedMain] c.l.e.g.GetTwoGetterApplication          : Started GetTwoGetterApplication in 10.775 seconds (JVM running for 11.491)
2022-09-28 23:16:26.687  INFO 73768 --- [http-nio-8080-exec-1] o.a.c.c.C.[Tomcat].[localhost].[/]       : Initializing Spring DispatcherServlet 'dispatcherServlet'
2022-09-28 23:16:26.687  INFO 73768 --- [http-nio-8080-exec-1] o.s.web.servlet.DispatcherServlet        : Initializing Servlet 'dispatcherServlet'
2022-09-28 23:16:26.689  INFO 73768 --- [http-nio-8080-exec-1] o.s.web.servlet.DispatcherServlet        : Completed initialization in 1 ms
